C51 COMPILER V7.05   DELAY                                                                 11/19/2012 18:03:55 PAGE 1   


C51 COMPILER V7.05, COMPILATION OF MODULE DELAY
OBJECT MODULE PLACED IN delay.OBJ
COMPILER INVOKED BY: C:\SiLabs\MCU\IDEfiles\C51\BIN\C51.exe delay.c DB OE BR

stmt level    source

   1          #include "delay.h"
   2          
   3          void delay_ms(const uint8_t t) {
   4   1          const int cycles = ((uint32_t)t * (uint32_t)CPUCLK) / (uint32_t)1000 + 1;
   5   1      
   6   1          int i;
   7   1          for (i = 0; i <= cycles; ++i) {} // wait
   8   1      }
   9          
  10          void delay_us(const uint8_t t) {
  11   1          const int cycles = ((uint32_t)t * (uint32_t)CPUCLK) / (uint32_t)1000000 + 1;
  12   1      
  13   1          int i;
  14   1          for (i = 0; i <= cycles; ++i) {} // wait
  15   1      }


MODULE INFORMATION:   STATIC OVERLAYABLE
   CODE SIZE        =    111    ----
   CONSTANT SIZE    =   ----    ----
   XDATA SIZE       =   ----    ----
   PDATA SIZE       =   ----    ----
   DATA SIZE        =   ----    ----
   IDATA SIZE       =   ----    ----
   BIT SIZE         =   ----    ----
END OF MODULE INFORMATION.


C51 COMPILATION COMPLETE.  0 WARNING(S),  0 ERROR(S)
