
BL51 BANKED LINKER/LOCATER V5.15 - SN: Cygnal_8051Fxxx
COPYRIGHT KEIL ELEKTRONIK GmbH 1987 - 2004
"C:\Users\jorr1\Downloads\microcontrollers-master\microcontrollers-master\final\pile\daca.obj",
"C:\Users\jorr1\Downloads\microcontrollers-master\microcontrollers-master\final\pile\dacC.obj",
"C:\Users\jorr1\Downloads\microcontrollers-master\microcontrollers-master\final\pile\delay.obj",
"C:\Users\jorr1\Downloads\microcontrollers-master\microcontrollers-master\final\pile\kbd.obj",
"C:\Users\jorr1\Downloads\microcontrollers-master\microcontrollers-master\final\pile\lcd.obj",
"C:\Users\jorr1\Downloads\microcontrollers-master\microcontrollers-master\final\pile\spi.obj",
"C:\Users\jorr1\Downloads\microcontrollers-master\microcontrollers-master\final\pile\sd.OBJ",
"C:\Users\jorr1\Downloads\microcontrollers-master\microcontrollers-master\final\pile\scancodes2.obj",
"C:\Users\jorr1\Downloads\microcontrollers-master\microcontrollers-master\final\pile\main.obj",
"C:\Users\jorr1\Downloads\microcontrollers-master\microcontrollers-master\final\pile\utils.OBJ",
"C:\Users\jorr1\Downloads\microcontrollers-master\microcontrollers-master\final\pile\readdir.OBJ"  TO "C:\Users\jorr1\Downloads\microcontrollers-master\microcontrollers-master\final\pile\lab8" RS(256) PL(68) PW(78) 

*** WARNING L16: UNCALLED SEGMENT, IGNORED FOR OVERLAY PROCESS
    SEGMENT: ?PR?_DACVOLUME?DACC

*** WARNING L16: UNCALLED SEGMENT, IGNORED FOR OVERLAY PROCESS
    SEGMENT: ?PR?_DACBALANCE?DACC

*** WARNING L16: UNCALLED SEGMENT, IGNORED FOR OVERLAY PROCESS
    SEGMENT: ?PR?_DELAY_MS?DELAY

*** WARNING L16: UNCALLED SEGMENT, IGNORED FOR OVERLAY PROCESS
    SEGMENT: ?PR?_LCDWRITEC?LCD

*** WARNING L16: UNCALLED SEGMENT, IGNORED FOR OVERLAY PROCESS
    SEGMENT: ?PR?_LCDWRITEX?LCD

*** WARNING L16: UNCALLED SEGMENT, IGNORED FOR OVERLAY PROCESS
    SEGMENT: ?PR?_LCDCURSOR?LCD

*** WARNING L16: UNCALLED SEGMENT, IGNORED FOR OVERLAY PROCESS
    SEGMENT: ?PR?_MPURDATA?LCD

******************************************************************************
* RESTRICTED VERSION WITH 1000H BYTE CODE SIZE LIMIT; USED: 0DD0H BYTE (86%) *
******************************************************************************

>> 
>> 
>> 
Program Size: data=80.2 xdata=1175 code=3536
LINK/LOCATE RUN COMPLETE.  7 WARNING(S),  0 ERROR(S)
