
BL51 BANKED LINKER/LOCATER V5.15 - SN: Cygnal_8051Fxxx
COPYRIGHT KEIL ELEKTRONIK GmbH 1987 - 2004
"U:\microcontrollers\final_project\library\daca.obj",
"U:\microcontrollers\final_project\library\dacC.obj",
"U:\microcontrollers\final_project\library\delay.obj",
"U:\microcontrollers\final_project\library\itoa.obj",
"U:\microcontrollers\final_project\library\kbd.obj",
"U:\microcontrollers\final_project\library\lcd.obj",
"U:\microcontrollers\final_project\library\scancodes2.obj",
"U:\microcontrollers\final_project\library\spi.obj",
"U:\microcontrollers\final_project\library\readdir.OBJ",
"U:\microcontrollers\final_project\library\sd.OBJ",
"U:\microcontrollers\final_project\library\utils.OBJ",
"U:\microcontrollers\final_project\library\bits.obj"  TO "U:\microcontrollers\final_project\library\library" RS(256) PL(68) PW(78) code(0x4000) idata(0x80)  

*** WARNING L16: UNCALLED SEGMENT, IGNORED FOR OVERLAY PROCESS
    SEGMENT: ?PR?DAC2INIT?DACC

*** WARNING L16: UNCALLED SEGMENT, IGNORED FOR OVERLAY PROCESS
    SEGMENT: ?PR?_DACRATE?DACC

*** WARNING L16: UNCALLED SEGMENT, IGNORED FOR OVERLAY PROCESS
    SEGMENT: ?PR?_DACSTEREO?DACC

*** WARNING L16: UNCALLED SEGMENT, IGNORED FOR OVERLAY PROCESS
    SEGMENT: ?PR?_DACVOLUME?DACC

*** WARNING L16: UNCALLED SEGMENT, IGNORED FOR OVERLAY PROCESS
    SEGMENT: ?PR?_DACBALANCE?DACC

*** WARNING L16: UNCALLED SEGMENT, IGNORED FOR OVERLAY PROCESS
    SEGMENT: ?PR?_DELAY_MS?DELAY

*** WARNING L16: UNCALLED SEGMENT, IGNORED FOR OVERLAY PROCESS
    SEGMENT: ?PR?_ITOA8?ITOA

*** WARNING L16: UNCALLED SEGMENT, IGNORED FOR OVERLAY PROCESS
    SEGMENT: ?PR?_ITOA16?ITOA

*** WARNING L16: UNCALLED SEGMENT, IGNORED FOR OVERLAY PROCESS
    SEGMENT: ?PR?LCDINIT?LCD

*** WARNING L16: UNCALLED SEGMENT, IGNORED FOR OVERLAY PROCESS
    SEGMENT: ?PR?_LCDWRITE?LCD

*** WARNING L16: UNCALLED SEGMENT, IGNORED FOR OVERLAY PROCESS
    SEGMENT: ?PR?_LCDWRITEC?LCD

*** WARNING L16: UNCALLED SEGMENT, IGNORED FOR OVERLAY PROCESS
    SEGMENT: ?PR?_LCDWRITEX?LCD

*** WARNING L16: UNCALLED SEGMENT, IGNORED FOR OVERLAY PROCESS
    SEGMENT: ?PR?_LCDPOS?LCD

*** WARNING L16: UNCALLED SEGMENT, IGNORED FOR OVERLAY PROCESS
    SEGMENT: ?PR?_LCDCURSOR?LCD

*** WARNING L16: UNCALLED SEGMENT, IGNORED FOR OVERLAY PROCESS
    SEGMENT: ?PR?_MPURDATA?LCD

*** WARNING L16: UNCALLED SEGMENT, IGNORED FOR OVERLAY PROCESS
    SEGMENT: ?PR?SPIINIT?SPI

*** WARNING L16: UNCALLED SEGMENT, IGNORED FOR OVERLAY PROCESS
    SEGMENT: ?PR?SPICARDPRESENT?SPI

*** WARNING L16: UNCALLED SEGMENT, IGNORED FOR OVERLAY PROCESS
    SEGMENT: ?PR?READDIR?READDIR

*** WARNING L16: UNCALLED SEGMENT, IGNORED FOR OVERLAY PROCESS
    SEGMENT: ?PR?MICROSDINIT?SD_11A

******************************************************************************
* RESTRICTED VERSION WITH 1000H BYTE CODE SIZE LIMIT; USED: 0E81H BYTE (90%) *
******************************************************************************

>> 
>> 
>> 
Program Size: data=101.4 xdata=645 code=3713
LINK/LOCATE RUN COMPLETE.  19 WARNING(S),  0 ERROR(S)
