C51 COMPILER V9.50a   LCD                                                                  11/26/2012 00:22:34 PAGE 1   


C51 COMPILER V9.50a, COMPILATION OF MODULE LCD
OBJECT MODULE PLACED IN lcd.OBJ
COMPILER INVOKED BY: C:\Keil\C51\BIN\c51.exe lcd.c DB OE BR INCDIR(C:\SiLabs\MCU\Inc)

line level    source

   1          #include "lcd.h"
   2          #include "delay.h"
   3          #include <c8051f120.h>          // get SFR declarations
   4          
   5          // hackros
   6          #define lcdwstr()    while (*str) {_lcddata(*str); ++str;}
   7          
   8          // timings in us
   9          #define T_AS        0.06
  10          #define PW_EH       0.5
  11          #define T_DSW       0.2
  12          #define T_AH        0.02
  13          #define T_DDR       0.4
  14          
  15          // utility functions
  16          void _mpuwdata(uint8_t d);          // write data to MPU
  17          void _mpuwcmd(uint8_t cmd);
  18          uint8_t _mpurdata();                // read data from MPU
  19          uint8_t _mpurcmd();
  20          //void _lcddata(uint8_t d);           // write data to MPU, wait for busy state to complete
  21          //void _lcdcmd(uint8_t d);
  22          void _busy();                       // wait on busy flag
  23          
  24          // global vars
  25          uint8_t lcdrs;
  26          uint8_t lcdrw;
  27          uint8_t pdata *lcdbase;
  28          uint8_t pdata *lcdwdata;
  29          uint8_t pdata *lcdwcmd;
  30          uint8_t pdata *lcdrdata;
  31          uint8_t pdata *lcdrcmd;
  32          
  33          // public functions
  34          void lcdinit() {
  35   1          // external memory config
  36   1          SFRPAGE = 0;
  37   1          EMI0CF = 0x34;                   //external interface on pins P7-P4
  38   1          EMI0CN  = 0xFF;                   //8-bit address reference off-chip memory
  39   1          SFRPAGE = 0x0F;
  40   1          P4MDOUT = 0xC0;                   //read and write control
  41   1          P6MDOUT = 0xFF;                   //address lines
  42   1          P7MDOUT = 0xFF;                   //data lines
  43   1          lcdrs = 0x02;
  44   1          lcdrw = 0x01;
  45   1          // external pointer config
  46   1          lcdbase  = 0xB4;
  47   1          lcdwdata = lcdbase + lcdrs;
  48   1          lcdwcmd  = lcdbase;
  49   1          lcdrdata = lcdbase + lcdrw + lcdrs;
  50   1          lcdrcmd  = lcdbase + lcdrw;
  51   1      
  52   1          // huh?
  53   1          _mpuwcmd(0x3C);
  54   1          delay_us(37);
  55   1          _mpuwcmd(0x0E);
C51 COMPILER V9.50a   LCD                                                                  11/26/2012 00:22:34 PAGE 2   

  56   1      
  57   1          // set display on/off, cursor, and blinking.
  58   1          _lcdcmd(0x06);
  59   1          lcdclear();
  60   1      }
  61          
  62          void lcdwrite(uint8_t *str) {
  63   1          lcdwstr();
  64   1      }
  65          
  66          void lcdwritec(uint8_t code *str) {
  67   1          lcdwstr();
  68   1      }
  69          
  70          void lcdwritex(uint8_t xdata *str) {
  71   1          lcdwstr();
  72   1      }
  73          
  74          void lcdpos(uint8_t row, uint8_t col) {
  75   1          _lcdcmd((0x80 | ((row & 0x01) << 6) | (col & 0x0F))); //lulz
  76   1      }
  77          
  78          void lcdcursor(uint8_t mode) {
  79   1          _lcdcmd((0x0C | (mode & 0x0F))); //trololol
  80   1      }
  81          
  82          void lcdclear() {
  83   1          _lcdcmd(0x01);
  84   1      }
  85          
  86          // utility function definitions
  87          void _mpuwdata(uint8_t d) {
  88   1          *lcdwdata = d;
  89   1      }
  90          
  91          void _mpuwcmd(uint8_t cmd) {
  92   1          *lcdwcmd = cmd;
  93   1      }
  94          
  95          uint8_t _mpurdata() {
  96   1          return *lcdrdata;
  97   1      }
  98          
  99          uint8_t _mpurcmd() {
 100   1          return *lcdrcmd;
 101   1      }
 102          
 103          void _lcddata(uint8_t d) {
 104   1          _busy();
 105   1          _mpuwdata(d);
 106   1      }
 107          
 108          void _lcdcmd(uint8_t d) {
 109   1          _busy();
 110   1          _mpuwcmd(d);
 111   1      }
 112          
 113          void _busy() {
 114   1          while (_mpurcmd() & 0x80); //win
 115   1      }


C51 COMPILER V9.50a   LCD                                                                  11/26/2012 00:22:34 PAGE 3   

MODULE INFORMATION:   STATIC OVERLAYABLE
   CODE SIZE        =    249    ----
   CONSTANT SIZE    =   ----    ----
   XDATA SIZE       =   ----    ----
   PDATA SIZE       =   ----    ----
   DATA SIZE        =      7       9
   IDATA SIZE       =   ----    ----
   BIT SIZE         =   ----    ----
END OF MODULE INFORMATION.


C51 COMPILATION COMPLETE.  0 WARNING(S),  0 ERROR(S)
