
BL51 BANKED LINKER/LOCATER V6.22 - SN: Eval Version
COPYRIGHT KEIL ELEKTRONIK GmbH 1987 - 2009
"C:\Users\aaboagye\Documents\GitHub\microcontrollers\final\library\daca.obj",
"C:\Users\aaboagye\Documents\GitHub\microcontrollers\final\library\dacC.obj",
"C:\Users\aaboagye\Documents\GitHub\microcontrollers\final\library\delay.obj",
"C:\Users\aaboagye\Documents\GitHub\microcontrollers\final\library\kbd.obj",
"C:\Users\aaboagye\Documents\GitHub\microcontrollers\final\library\lcd.obj",
"C:\Users\aaboagye\Documents\GitHub\microcontrollers\final\library\main.obj",
"C:\Users\aaboagye\Documents\GitHub\microcontrollers\final\library\scancodes2.obj",
"C:\Users\aaboagye\Documents\GitHub\microcontrollers\final\library\spi.obj"  TO "C:\Users\aaboagye\Documents\GitHub\microcontrollers\final\library\daca" RS(256) PL(68) PW(78) 

*** WARNING L16: UNCALLED SEGMENT, IGNORED FOR OVERLAY PROCESS
    SEGMENT: ?PR?_DACVOLUME?DACC

*** WARNING L16: UNCALLED SEGMENT, IGNORED FOR OVERLAY PROCESS
    SEGMENT: ?PR?_DACBALANCE?DACC

*** WARNING L16: UNCALLED SEGMENT, IGNORED FOR OVERLAY PROCESS
    SEGMENT: ?PR?_DELAY_MS?DELAY

*** WARNING L16: UNCALLED SEGMENT, IGNORED FOR OVERLAY PROCESS
    SEGMENT: ?PR?_LCDWRITEC?LCD

*** WARNING L16: UNCALLED SEGMENT, IGNORED FOR OVERLAY PROCESS
    SEGMENT: ?PR?_LCDWRITEX?LCD

*** WARNING L16: UNCALLED SEGMENT, IGNORED FOR OVERLAY PROCESS
    SEGMENT: ?PR?_LCDCURSOR?LCD

*** WARNING L16: UNCALLED SEGMENT, IGNORED FOR OVERLAY PROCESS
    SEGMENT: ?PR?_MPURDATA?LCD

*** WARNING L16: UNCALLED SEGMENT, IGNORED FOR OVERLAY PROCESS
    SEGMENT: ?PR?_SPI_SEND_BYTE?SPI

*** WARNING L16: UNCALLED SEGMENT, IGNORED FOR OVERLAY PROCESS
    SEGMENT: ?PR?_SPI_RCV_BUFFER?SPI

*** WARNING L1: UNRESOLVED EXTERNAL SYMBOL
    SYMBOL:  _MICROSDREAD
    MODULE:  C:\Users\aaboagye\Documents\GitHub\microcontrollers\final\library\main.obj (MAIN)

>> 
*** WARNING L1: UNRESOLVED EXTERNAL SYMBOL
    SYMBOL:  ?_MICROSDREAD?BYTE
    MODULE:  C:\Users\aaboagye\Documents\GitHub\microcontrollers\final\library\main.obj (MAIN)

>> 
*** WARNING L1: UNRESOLVED EXTERNAL SYMBOL
    SYMBOL:  READDIR
    MODULE:  C:\Users\aaboagye\Documents\GitHub\microcontrollers\final\library\main.obj (MAIN)

>> 
*** WARNING L1: UNRESOLVED EXTERNAL SYMBOL
    SYMBOL:  MICROSDINIT
    MODULE:  C:\Users\aaboagye\Documents\GitHub\microcontrollers\final\library\main.obj (MAIN)

>> 
*** WARNING L2: REFERENCE MADE TO UNRESOLVED EXTERNAL
    SYMBOL:  MICROSDINIT
    MODULE:  C:\Users\aaboagye\Documents\GitHub\microcontrollers\final\library\main.obj (MAIN)

>>     ADDRESS: 0C80H

*** WARNING L2: REFERENCE MADE TO UNRESOLVED EXTERNAL
    SYMBOL:  READDIR
    MODULE:  C:\Users\aaboagye\Documents\GitHub\microcontrollers\final\library\main.obj (MAIN)

>>     ADDRESS: 0CAFH

*** WARNING L2: REFERENCE MADE TO UNRESOLVED EXTERNAL
    SYMBOL:  ?_MICROSDREAD?BYTE
    MODULE:  C:\Users\aaboagye\Documents\GitHub\microcontrollers\final\library\main.obj (MAIN)

>>     ADDRESS: 0CBBH

*** WARNING L2: REFERENCE MADE TO UNRESOLVED EXTERNAL
    SYMBOL:  ?_MICROSDREAD?BYTE
    MODULE:  C:\Users\aaboagye\Documents\GitHub\microcontrollers\final\library\main.obj (MAIN)

>>     ADDRESS: 0CBEH

*** WARNING L2: REFERENCE MADE TO UNRESOLVED EXTERNAL
    SYMBOL:  _MICROSDREAD
    MODULE:  C:\Users\aaboagye\Documents\GitHub\microcontrollers\final\library\main.obj (MAIN)

>>     ADDRESS: 0CC9H

******************************************************************************
* RESTRICTED VERSION WITH 0800H BYTE CODE SIZE LIMIT; USED: 0798H BYTE (94%) *
******************************************************************************

>> 
>> 
>> 
Program Size: data=46.2 xdata=530 code=2314
LINK/LOCATE RUN COMPLETE.  18 WARNING(S),  0 ERROR(S)
