
BL51 BANKED LINKER/LOCATER V5.15 - SN: Cygnal_8051Fxxx
COPYRIGHT KEIL ELEKTRONIK GmbH 1987 - 2004
"C:\Users\jorr1\Downloads\microcontrollers-master\pile\daca.obj",
"C:\Users\jorr1\Downloads\microcontrollers-master\pile\dacC.obj",
"C:\Users\jorr1\Downloads\microcontrollers-master\pile\delay.obj",
"C:\Users\jorr1\Downloads\microcontrollers-master\pile\kbd.obj",
"C:\Users\jorr1\Downloads\microcontrollers-master\pile\lcd.obj",
"C:\Users\jorr1\Downloads\microcontrollers-master\pile\spi.obj",
"C:\Users\jorr1\Downloads\microcontrollers-master\pile\spi_test.obj",
"C:\Users\jorr1\Downloads\microcontrollers-master\pile\sd.OBJ",
"C:\Users\jorr1\Downloads\microcontrollers-master\pile\scancodes2.obj"  TO "C:\Users\jorr1\Downloads\microcontrollers-master\pile\lab8" RS(256) PL(68) PW(78) 

*** WARNING L16: UNCALLED SEGMENT, IGNORED FOR OVERLAY PROCESS
    SEGMENT: ?PR?_DACVOLUME?DACC

*** WARNING L16: UNCALLED SEGMENT, IGNORED FOR OVERLAY PROCESS
    SEGMENT: ?PR?_DACBALANCE?DACC

*** WARNING L16: UNCALLED SEGMENT, IGNORED FOR OVERLAY PROCESS
    SEGMENT: ?PR?_DELAY_MS?DELAY

*** WARNING L16: UNCALLED SEGMENT, IGNORED FOR OVERLAY PROCESS
    SEGMENT: ?PR?_LCDWRITEC?LCD

*** WARNING L16: UNCALLED SEGMENT, IGNORED FOR OVERLAY PROCESS
    SEGMENT: ?PR?_LCDWRITEX?LCD

*** WARNING L16: UNCALLED SEGMENT, IGNORED FOR OVERLAY PROCESS
    SEGMENT: ?PR?_LCDCURSOR?LCD

*** WARNING L16: UNCALLED SEGMENT, IGNORED FOR OVERLAY PROCESS
    SEGMENT: ?PR?_MPURDATA?LCD

******************************************************************************
* RESTRICTED VERSION WITH 1000H BYTE CODE SIZE LIMIT; USED: 0C45H BYTE (76%) *
******************************************************************************

>> 
>> 
>> 
Program Size: data=63.2 xdata=534 code=3141
LINK/LOCATE RUN COMPLETE.  7 WARNING(S),  0 ERROR(S)
