
BL51 BANKED LINKER/LOCATER V6.22 - SN: Eval Version
COPYRIGHT KEIL ELEKTRONIK GmbH 1987 - 2009
"C:\Users\Joe\Documents\GitHub\microcontrollers\lab7\delay.obj",
"C:\Users\Joe\Documents\GitHub\microcontrollers\lab7\lcd.obj",
"C:\Users\Joe\Documents\GitHub\microcontrollers\lab7\lcd_test.obj"  TO "C:\Users\Joe\Documents\GitHub\microcontrollers\lab7\delay" RS(256) PL(68) PW(78) 

*** WARNING L16: UNCALLED SEGMENT, IGNORED FOR OVERLAY PROCESS
    SEGMENT: ?PR?_DELAY_MS?DELAY

*** WARNING L16: UNCALLED SEGMENT, IGNORED FOR OVERLAY PROCESS
    SEGMENT: ?PR?_LCDWRITEC?LCD

*** WARNING L16: UNCALLED SEGMENT, IGNORED FOR OVERLAY PROCESS
    SEGMENT: ?PR?_LCDWRITEX?LCD

*** WARNING L16: UNCALLED SEGMENT, IGNORED FOR OVERLAY PROCESS
    SEGMENT: ?PR?_LCDPOS?LCD

*** WARNING L16: UNCALLED SEGMENT, IGNORED FOR OVERLAY PROCESS
    SEGMENT: ?PR?_LCDCURSOR?LCD

*** WARNING L16: UNCALLED SEGMENT, IGNORED FOR OVERLAY PROCESS
    SEGMENT: ?PR?_MPURDATA?LCD

******************************************************************************
* RESTRICTED VERSION WITH 0800H BYTE CODE SIZE LIMIT; USED: 01BEH BYTE (21%) *
******************************************************************************

>> 
>> 
>> 
Program Size: data=33.0 xdata=0 code=1268
LINK/LOCATE RUN COMPLETE.  6 WARNING(S),  0 ERROR(S)
